<?xml version="1.0" encoding="UTF-8"?>
<coverage generated="1725978893493" clover="3.2.0">
  <project timestamp="1725978893493" name="All files">
    <metrics statements="25" coveredstatements="24" conditionals="2" coveredconditionals="1" methods="1" coveredmethods="1" elements="28" coveredelements="26" complexity="0" loc="25" ncloc="25" packages="1" files="1" classes="1"/>
    <file name="02-authmiddleware.js" path="C:\Users\mshah\OneDrive\Desktop\Dev\MERN\assignments\week-4\middlewares\02-authmiddleware.js">
      <metrics statements="25" coveredstatements="24" conditionals="2" coveredconditionals="1" methods="1" coveredmethods="1"/>
      <line num="1" count="1" type="stmt"/>
      <line num="2" count="1" type="stmt"/>
      <line num="3" count="1" type="stmt"/>
      <line num="4" count="1" type="stmt"/>
      <line num="5" count="1" type="stmt"/>
      <line num="6" count="1" type="stmt"/>
      <line num="7" count="1" type="stmt"/>
      <line num="8" count="1" type="stmt"/>
      <line num="9" count="1" type="stmt"/>
      <line num="10" count="3" type="cond" truecount="1" falsecount="0"/>
      <line num="11" count="3" type="stmt"/>
      <line num="12" count="3" type="cond" truecount="0" falsecount="1"/>
      <line num="13" count="3" type="stmt"/>
      <line num="14" count="3" type="stmt"/>
      <line num="15" count="3" type="stmt"/>
      <line num="16" count="3" type="stmt"/>
      <line num="17" count="3" type="stmt"/>
      <line num="18" count="1" type="stmt"/>
      <line num="19" count="1" type="stmt"/>
      <line num="20" count="1" type="stmt"/>
      <line num="21" count="1" type="stmt"/>
      <line num="22" count="0" type="stmt"/>
      <line num="23" count="1" type="stmt"/>
      <line num="24" count="1" type="stmt"/>
      <line num="25" count="1" type="stmt"/>
    </file>
  </project>
</coverage>
